<?xml version="1.0" encoding="UTF-8"?>
<!-- Generated by org.testng.reporters.JUnitReportReporter -->
<testsuite hostname="DESKTOP-OR6VU5V" name="screenShots.ScreenShotDemo" tests="1" failures="0" timestamp="6 Aug 2020 14:55:31 GMT" time="15.110" errors="0">
  <testcase name="Browser" time="15.110" classname="screenShots.ScreenShotDemo"/>
</testsuite> <!-- screenShots.ScreenShotDemo -->
